<?xml version="1.0" encoding="UTF-8"?>
<!-- Generated by org.testng.reporters.JUnitReportReporter -->
<testsuite skipped="0" hostname="xyz-PC" name="ListenersDemo.LoginTest" tests="1" failures="0" timestamp="03 Dec 2020 21:20:25 GMT" time="0.052" errors="0">
  <testcase name="loginByEmail" time="0.052" classname="ListenersDemo.LoginTest"/>
</testsuite> <!-- ListenersDemo.LoginTest -->
